<?xml version="1.0" encoding="UTF-8"?>
<testsuite xmlns:xsi="http://www.w3.org/2001/XMLSchema-instance" xsi:noNamespaceSchemaLocation="https://maven.apache.org/surefire/maven-surefire-plugin/xsd/surefire-test-report.xsd" name="TestSuite" time="12.887" tests="4" errors="0" skipped="0" failures="1">
  <properties>
    <property name="gopherProxySet" value="false"/>
    <property name="awt.toolkit" value="sun.lwawt.macosx.LWCToolkit"/>
    <property name="file.encoding.pkg" value="sun.io"/>
    <property name="java.specification.version" value="1.8"/>
    <property name="sun.cpu.isalist" value=""/>
    <property name="sun.jnu.encoding" value="UTF-8"/>
    <property name="java.class.path" value="/Users/adelmostafa/Documents/MobiquityTask/target/test-classes:/Users/adelmostafa/Documents/MobiquityTask/target/classes:/Users/adelmostafa/.m2/repository/junit/junit/4.11/junit-4.11.jar:/Users/adelmostafa/.m2/repository/org/hamcrest/hamcrest-core/1.3/hamcrest-core-1.3.jar:/Users/adelmostafa/.m2/repository/io/rest-assured/json-path/4.3.0/json-path-4.3.0.jar:/Users/adelmostafa/.m2/repository/org/codehaus/groovy/groovy-json/3.0.2/groovy-json-3.0.2.jar:/Users/adelmostafa/.m2/repository/org/codehaus/groovy/groovy/3.0.2/groovy-3.0.2.jar:/Users/adelmostafa/.m2/repository/io/rest-assured/rest-assured-common/4.3.0/rest-assured-common-4.3.0.jar:/Users/adelmostafa/.m2/repository/io/rest-assured/xml-path/4.3.0/xml-path-4.3.0.jar:/Users/adelmostafa/.m2/repository/org/codehaus/groovy/groovy-xml/3.0.2/groovy-xml-3.0.2.jar:/Users/adelmostafa/.m2/repository/org/apache/commons/commons-lang3/3.4/commons-lang3-3.4.jar:/Users/adelmostafa/.m2/repository/org/ccil/cowan/tagsoup/tagsoup/1.2.1/tagsoup-1.2.1.jar:/Users/adelmostafa/.m2/repository/jakarta/xml/bind/jakarta.xml.bind-api/2.3.2/jakarta.xml.bind-api-2.3.2.jar:/Users/adelmostafa/.m2/repository/jakarta/activation/jakarta.activation-api/1.2.1/jakarta.activation-api-1.2.1.jar:/Users/adelmostafa/.m2/repository/com/sun/xml/bind/jaxb-osgi/2.3.0.1/jaxb-osgi-2.3.0.1.jar:/Users/adelmostafa/.m2/repository/org/apache/sling/org.apache.sling.javax.activation/0.1.0/org.apache.sling.javax.activation-0.1.0.jar:/Users/adelmostafa/.m2/repository/javax/activation/activation/1.1.1/activation-1.1.1.jar:/Users/adelmostafa/.m2/repository/io/rest-assured/json-schema-validator/4.3.0/json-schema-validator-4.3.0.jar:/Users/adelmostafa/.m2/repository/com/github/java-json-tools/json-schema-validator/2.2.10/json-schema-validator-2.2.10.jar:/Users/adelmostafa/.m2/repository/com/github/java-json-tools/json-schema-core/1.2.10/json-schema-core-1.2.10.jar:/Users/adelmostafa/.m2/repository/com/github/java-json-tools/jackson-coreutils/1.9/jackson-coreutils-1.9.jar:/Users/adelmostafa/.m2/repository/com/google/guava/guava/16.0.1/guava-16.0.1.jar:/Users/adelmostafa/.m2/repository/com/github/fge/msg-simple/1.1/msg-simple-1.1.jar:/Users/adelmostafa/.m2/repository/com/github/fge/btf/1.2/btf-1.2.jar:/Users/adelmostafa/.m2/repository/com/github/fge/uri-template/0.9/uri-template-0.9.jar:/Users/adelmostafa/.m2/repository/org/mozilla/rhino/1.7.7.1/rhino-1.7.7.1.jar:/Users/adelmostafa/.m2/repository/javax/mail/mailapi/1.4.3/mailapi-1.4.3.jar:/Users/adelmostafa/.m2/repository/joda-time/joda-time/2.9.7/joda-time-2.9.7.jar:/Users/adelmostafa/.m2/repository/com/googlecode/libphonenumber/libphonenumber/8.0.0/libphonenumber-8.0.0.jar:/Users/adelmostafa/.m2/repository/com/google/code/findbugs/jsr305/3.0.1/jsr305-3.0.1.jar:/Users/adelmostafa/.m2/repository/net/sf/jopt-simple/jopt-simple/5.0.3/jopt-simple-5.0.3.jar:/Users/adelmostafa/.m2/repository/org/hamcrest/hamcrest/2.1/hamcrest-2.1.jar:/Users/adelmostafa/.m2/repository/io/rest-assured/rest-assured/4.3.0/rest-assured-4.3.0.jar:/Users/adelmostafa/.m2/repository/org/apache/httpcomponents/httpclient/4.5.3/httpclient-4.5.3.jar:/Users/adelmostafa/.m2/repository/org/apache/httpcomponents/httpcore/4.4.6/httpcore-4.4.6.jar:/Users/adelmostafa/.m2/repository/commons-codec/commons-codec/1.9/commons-codec-1.9.jar:/Users/adelmostafa/.m2/repository/org/apache/httpcomponents/httpmime/4.5.3/httpmime-4.5.3.jar:/Users/adelmostafa/.m2/repository/org/testng/testng/6.14.3/testng-6.14.3.jar:/Users/adelmostafa/.m2/repository/com/beust/jcommander/1.72/jcommander-1.72.jar:/Users/adelmostafa/.m2/repository/org/apache-extras/beanshell/bsh/2.0b6/bsh-2.0b6.jar:/Users/adelmostafa/.m2/repository/com/fasterxml/jackson/core/jackson-databind/2.10.0/jackson-databind-2.10.0.jar:/Users/adelmostafa/.m2/repository/com/fasterxml/jackson/core/jackson-annotations/2.10.0/jackson-annotations-2.10.0.jar:/Users/adelmostafa/.m2/repository/com/fasterxml/jackson/core/jackson-core/2.10.0/jackson-core-2.10.0.jar:/Users/adelmostafa/.m2/repository/com/google/code/gson/gson/2.8.5/gson-2.8.5.jar:/Users/adelmostafa/.m2/repository/org/json/json/20190722/json-20190722.jar:/Users/adelmostafa/.m2/repository/com/aventstack/extentreports/5.0.6/extentreports-5.0.6.jar:/Users/adelmostafa/.m2/repository/io/reactivex/rxjava3/rxjava/3.0.4/rxjava-3.0.4.jar:/Users/adelmostafa/.m2/repository/org/reactivestreams/reactive-streams/1.0.3/reactive-streams-1.0.3.jar:/Users/adelmostafa/.m2/repository/org/freemarker/freemarker/2.3.30/freemarker-2.3.30.jar:/Users/adelmostafa/.m2/repository/org/projectlombok/lombok/1.18.12/lombok-1.18.12.jar:/Users/adelmostafa/.m2/repository/com/relevantcodes/extentreports/2.41.2/extentreports-2.41.2.jar:/Users/adelmostafa/.m2/repository/org/jsoup/jsoup/1.8.3/jsoup-1.8.3.jar:/Users/adelmostafa/.m2/repository/org/xerial/sqlite-jdbc/3.8.11.1/sqlite-jdbc-3.8.11.1.jar:/Users/adelmostafa/.m2/repository/org/mongodb/mongodb-driver/3.0.4/mongodb-driver-3.0.4.jar:/Users/adelmostafa/.m2/repository/org/mongodb/bson/3.0.4/bson-3.0.4.jar:/Users/adelmostafa/.m2/repository/org/mongodb/mongodb-driver-core/3.0.4/mongodb-driver-core-3.0.4.jar:/Users/adelmostafa/.m2/repository/commons-validator/commons-validator/1.7/commons-validator-1.7.jar:/Users/adelmostafa/.m2/repository/commons-beanutils/commons-beanutils/1.9.4/commons-beanutils-1.9.4.jar:/Users/adelmostafa/.m2/repository/commons-digester/commons-digester/2.1/commons-digester-2.1.jar:/Users/adelmostafa/.m2/repository/commons-logging/commons-logging/1.2/commons-logging-1.2.jar:/Users/adelmostafa/.m2/repository/commons-collections/commons-collections/3.2.2/commons-collections-3.2.2.jar:"/>
    <property name="java.vm.vendor" value="Oracle Corporation"/>
    <property name="sun.arch.data.model" value="64"/>
    <property name="java.vendor.url" value="http://java.oracle.com/"/>
    <property name="user.timezone" value=""/>
    <property name="java.vm.specification.version" value="1.8"/>
    <property name="os.name" value="Mac OS X"/>
    <property name="user.country" value="EG"/>
    <property name="sun.java.launcher" value="SUN_STANDARD"/>
    <property name="sun.boot.library.path" value="/Library/Java/JavaVirtualMachines/jdk1.8.0_241.jdk/Contents/Home/jre/lib"/>
    <property name="sun.java.command" value="/Users/adelmostafa/Documents/MobiquityTask/target/surefire/surefirebooter7736175950023688698.jar /Users/adelmostafa/Documents/MobiquityTask/target/surefire 2021-04-27T10-37-05_638-jvmRun1 surefire1924114528970676592tmp surefire_05993758812952178664tmp"/>
    <property name="surefire.test.class.path" value="/Users/adelmostafa/Documents/MobiquityTask/target/test-classes:/Users/adelmostafa/Documents/MobiquityTask/target/classes:/Users/adelmostafa/.m2/repository/junit/junit/4.11/junit-4.11.jar:/Users/adelmostafa/.m2/repository/org/hamcrest/hamcrest-core/1.3/hamcrest-core-1.3.jar:/Users/adelmostafa/.m2/repository/io/rest-assured/json-path/4.3.0/json-path-4.3.0.jar:/Users/adelmostafa/.m2/repository/org/codehaus/groovy/groovy-json/3.0.2/groovy-json-3.0.2.jar:/Users/adelmostafa/.m2/repository/org/codehaus/groovy/groovy/3.0.2/groovy-3.0.2.jar:/Users/adelmostafa/.m2/repository/io/rest-assured/rest-assured-common/4.3.0/rest-assured-common-4.3.0.jar:/Users/adelmostafa/.m2/repository/io/rest-assured/xml-path/4.3.0/xml-path-4.3.0.jar:/Users/adelmostafa/.m2/repository/org/codehaus/groovy/groovy-xml/3.0.2/groovy-xml-3.0.2.jar:/Users/adelmostafa/.m2/repository/org/apache/commons/commons-lang3/3.4/commons-lang3-3.4.jar:/Users/adelmostafa/.m2/repository/org/ccil/cowan/tagsoup/tagsoup/1.2.1/tagsoup-1.2.1.jar:/Users/adelmostafa/.m2/repository/jakarta/xml/bind/jakarta.xml.bind-api/2.3.2/jakarta.xml.bind-api-2.3.2.jar:/Users/adelmostafa/.m2/repository/jakarta/activation/jakarta.activation-api/1.2.1/jakarta.activation-api-1.2.1.jar:/Users/adelmostafa/.m2/repository/com/sun/xml/bind/jaxb-osgi/2.3.0.1/jaxb-osgi-2.3.0.1.jar:/Users/adelmostafa/.m2/repository/org/apache/sling/org.apache.sling.javax.activation/0.1.0/org.apache.sling.javax.activation-0.1.0.jar:/Users/adelmostafa/.m2/repository/javax/activation/activation/1.1.1/activation-1.1.1.jar:/Users/adelmostafa/.m2/repository/io/rest-assured/json-schema-validator/4.3.0/json-schema-validator-4.3.0.jar:/Users/adelmostafa/.m2/repository/com/github/java-json-tools/json-schema-validator/2.2.10/json-schema-validator-2.2.10.jar:/Users/adelmostafa/.m2/repository/com/github/java-json-tools/json-schema-core/1.2.10/json-schema-core-1.2.10.jar:/Users/adelmostafa/.m2/repository/com/github/java-json-tools/jackson-coreutils/1.9/jackson-coreutils-1.9.jar:/Users/adelmostafa/.m2/repository/com/google/guava/guava/16.0.1/guava-16.0.1.jar:/Users/adelmostafa/.m2/repository/com/github/fge/msg-simple/1.1/msg-simple-1.1.jar:/Users/adelmostafa/.m2/repository/com/github/fge/btf/1.2/btf-1.2.jar:/Users/adelmostafa/.m2/repository/com/github/fge/uri-template/0.9/uri-template-0.9.jar:/Users/adelmostafa/.m2/repository/org/mozilla/rhino/1.7.7.1/rhino-1.7.7.1.jar:/Users/adelmostafa/.m2/repository/javax/mail/mailapi/1.4.3/mailapi-1.4.3.jar:/Users/adelmostafa/.m2/repository/joda-time/joda-time/2.9.7/joda-time-2.9.7.jar:/Users/adelmostafa/.m2/repository/com/googlecode/libphonenumber/libphonenumber/8.0.0/libphonenumber-8.0.0.jar:/Users/adelmostafa/.m2/repository/com/google/code/findbugs/jsr305/3.0.1/jsr305-3.0.1.jar:/Users/adelmostafa/.m2/repository/net/sf/jopt-simple/jopt-simple/5.0.3/jopt-simple-5.0.3.jar:/Users/adelmostafa/.m2/repository/org/hamcrest/hamcrest/2.1/hamcrest-2.1.jar:/Users/adelmostafa/.m2/repository/io/rest-assured/rest-assured/4.3.0/rest-assured-4.3.0.jar:/Users/adelmostafa/.m2/repository/org/apache/httpcomponents/httpclient/4.5.3/httpclient-4.5.3.jar:/Users/adelmostafa/.m2/repository/org/apache/httpcomponents/httpcore/4.4.6/httpcore-4.4.6.jar:/Users/adelmostafa/.m2/repository/commons-codec/commons-codec/1.9/commons-codec-1.9.jar:/Users/adelmostafa/.m2/repository/org/apache/httpcomponents/httpmime/4.5.3/httpmime-4.5.3.jar:/Users/adelmostafa/.m2/repository/org/testng/testng/6.14.3/testng-6.14.3.jar:/Users/adelmostafa/.m2/repository/com/beust/jcommander/1.72/jcommander-1.72.jar:/Users/adelmostafa/.m2/repository/org/apache-extras/beanshell/bsh/2.0b6/bsh-2.0b6.jar:/Users/adelmostafa/.m2/repository/com/fasterxml/jackson/core/jackson-databind/2.10.0/jackson-databind-2.10.0.jar:/Users/adelmostafa/.m2/repository/com/fasterxml/jackson/core/jackson-annotations/2.10.0/jackson-annotations-2.10.0.jar:/Users/adelmostafa/.m2/repository/com/fasterxml/jackson/core/jackson-core/2.10.0/jackson-core-2.10.0.jar:/Users/adelmostafa/.m2/repository/com/google/code/gson/gson/2.8.5/gson-2.8.5.jar:/Users/adelmostafa/.m2/repository/org/json/json/20190722/json-20190722.jar:/Users/adelmostafa/.m2/repository/com/aventstack/extentreports/5.0.6/extentreports-5.0.6.jar:/Users/adelmostafa/.m2/repository/io/reactivex/rxjava3/rxjava/3.0.4/rxjava-3.0.4.jar:/Users/adelmostafa/.m2/repository/org/reactivestreams/reactive-streams/1.0.3/reactive-streams-1.0.3.jar:/Users/adelmostafa/.m2/repository/org/freemarker/freemarker/2.3.30/freemarker-2.3.30.jar:/Users/adelmostafa/.m2/repository/org/projectlombok/lombok/1.18.12/lombok-1.18.12.jar:/Users/adelmostafa/.m2/repository/com/relevantcodes/extentreports/2.41.2/extentreports-2.41.2.jar:/Users/adelmostafa/.m2/repository/org/jsoup/jsoup/1.8.3/jsoup-1.8.3.jar:/Users/adelmostafa/.m2/repository/org/xerial/sqlite-jdbc/3.8.11.1/sqlite-jdbc-3.8.11.1.jar:/Users/adelmostafa/.m2/repository/org/mongodb/mongodb-driver/3.0.4/mongodb-driver-3.0.4.jar:/Users/adelmostafa/.m2/repository/org/mongodb/bson/3.0.4/bson-3.0.4.jar:/Users/adelmostafa/.m2/repository/org/mongodb/mongodb-driver-core/3.0.4/mongodb-driver-core-3.0.4.jar:/Users/adelmostafa/.m2/repository/commons-validator/commons-validator/1.7/commons-validator-1.7.jar:/Users/adelmostafa/.m2/repository/commons-beanutils/commons-beanutils/1.9.4/commons-beanutils-1.9.4.jar:/Users/adelmostafa/.m2/repository/commons-digester/commons-digester/2.1/commons-digester-2.1.jar:/Users/adelmostafa/.m2/repository/commons-logging/commons-logging/1.2/commons-logging-1.2.jar:/Users/adelmostafa/.m2/repository/commons-collections/commons-collections/3.2.2/commons-collections-3.2.2.jar:"/>
    <property name="sun.cpu.endian" value="little"/>
    <property name="user.home" value="/Users/adelmostafa"/>
    <property name="user.language" value="en"/>
    <property name="java.specification.vendor" value="Oracle Corporation"/>
    <property name="java.home" value="/Library/Java/JavaVirtualMachines/jdk1.8.0_241.jdk/Contents/Home/jre"/>
    <property name="basedir" value="/Users/adelmostafa/Documents/MobiquityTask"/>
    <property name="file.separator" value="/"/>
    <property name="line.separator" value="&#10;"/>
    <property name="java.vm.specification.vendor" value="Oracle Corporation"/>
    <property name="java.specification.name" value="Java Platform API Specification"/>
    <property name="java.awt.graphicsenv" value="sun.awt.CGraphicsEnvironment"/>
    <property name="surefire.real.class.path" value="/Users/adelmostafa/Documents/MobiquityTask/target/surefire/surefirebooter7736175950023688698.jar"/>
    <property name="sun.boot.class.path" value="/Library/Java/JavaVirtualMachines/jdk1.8.0_241.jdk/Contents/Home/jre/lib/resources.jar:/Library/Java/JavaVirtualMachines/jdk1.8.0_241.jdk/Contents/Home/jre/lib/rt.jar:/Library/Java/JavaVirtualMachines/jdk1.8.0_241.jdk/Contents/Home/jre/lib/sunrsasign.jar:/Library/Java/JavaVirtualMachines/jdk1.8.0_241.jdk/Contents/Home/jre/lib/jsse.jar:/Library/Java/JavaVirtualMachines/jdk1.8.0_241.jdk/Contents/Home/jre/lib/jce.jar:/Library/Java/JavaVirtualMachines/jdk1.8.0_241.jdk/Contents/Home/jre/lib/charsets.jar:/Library/Java/JavaVirtualMachines/jdk1.8.0_241.jdk/Contents/Home/jre/lib/jfr.jar:/Library/Java/JavaVirtualMachines/jdk1.8.0_241.jdk/Contents/Home/jre/classes"/>
    <property name="sun.management.compiler" value="HotSpot 64-Bit Tiered Compilers"/>
    <property name="java.runtime.version" value="1.8.0_241-b07"/>
    <property name="user.name" value="adelmostafa"/>
    <property name="path.separator" value=":"/>
    <property name="os.version" value="10.16"/>
    <property name="java.endorsed.dirs" value="/Library/Java/JavaVirtualMachines/jdk1.8.0_241.jdk/Contents/Home/jre/lib/endorsed"/>
    <property name="java.runtime.name" value="Java(TM) SE Runtime Environment"/>
    <property name="file.encoding" value="UTF-8"/>
    <property name="java.vm.name" value="Java HotSpot(TM) 64-Bit Server VM"/>
    <property name="localRepository" value="/Users/adelmostafa/.m2/repository"/>
    <property name="java.vendor.url.bug" value="http://bugreport.sun.com/bugreport/"/>
    <property name="java.io.tmpdir" value="/var/folders/5c/_fpqb0cs137gx9gxbsg2ck2h0000gn/T/"/>
    <property name="java.version" value="1.8.0_241"/>
    <property name="user.dir" value="/Users/adelmostafa/Documents/MobiquityTask"/>
    <property name="os.arch" value="x86_64"/>
    <property name="java.vm.specification.name" value="Java Virtual Machine Specification"/>
    <property name="java.awt.printerjob" value="sun.lwawt.macosx.CPrinterJob"/>
    <property name="sun.os.patch.level" value="unknown"/>
    <property name="java.library.path" value="/Users/adelmostafa/Library/Java/Extensions:/Library/Java/Extensions:/Network/Library/Java/Extensions:/System/Library/Java/Extensions:/usr/lib/java:."/>
    <property name="java.vm.info" value="mixed mode"/>
    <property name="java.vendor" value="Oracle Corporation"/>
    <property name="java.vm.version" value="25.241-b07"/>
    <property name="java.ext.dirs" value="/Users/adelmostafa/Library/Java/Extensions:/Library/Java/JavaVirtualMachines/jdk1.8.0_241.jdk/Contents/Home/jre/lib/ext:/Library/Java/Extensions:/Network/Library/Java/Extensions:/System/Library/Java/Extensions:/usr/lib/java"/>
    <property name="sun.io.unicode.encoding" value="UnicodeBig"/>
    <property name="java.class.version" value="52.0"/>
  </properties>
  <testcase name="EditExisitingPostAPITest" classname="MobiquityAPIs.PutPostsAPITest" time="3.138">
    <failure message="expected [sunt aut facere repellat provident occaecati excepturi optio reprehenderit] but found [Adjusted Title]" type="java.lang.AssertionError">java.lang.AssertionError: expected [sunt aut facere repellat provident occaecati excepturi optio reprehenderit] but found [Adjusted Title]
	at MobiquityAPIs.PutPostsAPITest.EditExisitingPostAPITest(PutPostsAPITest.java:64)
</failure>
    <system-out><![CDATA[test-output/Report/test/  ReportLocation
null
EditExisitingPostAPITest
]]></system-out>
  </testcase>
  <testcase name="CreateNewPostAPITest" classname="MobiquityAPIs.PostCreateTest" time="0.766"/>
  <testcase name="getListUsersAPITest" classname="MobiquityAPIs.GetAPITest" time="0.656"/>
  <testcase name="getPostsAndVerifyCommentsTest" classname="MobiquityAPIs.GetAPITest" time="7.2"/>
</testsuite>