<?xml version="1.0" encoding="UTF-8"?>
<!-- Generated by org.testng.reporters.JUnitReportReporter -->
<testsuite skipped="0" hostname="Adels-MacBook-Pro.local" name="MobiquityAPIs.PostCreateTest" tests="1" failures="0" timestamp="27 Apr 2021 08:20:10 GMT" time="1.989" errors="0">
  <testcase name="CreatePostAPI" time="1.989" classname="MobiquityAPIs.PostCreateTest"/>
</testsuite> <!-- MobiquityAPIs.PostCreateTest -->
