<?xml version="1.0" encoding="UTF-8"?>
<!-- Generated by org.testng.reporters.JUnitReportReporter -->
<testsuite skipped="0" hostname="Adels-MacBook-Pro.local" name="MobiquityAPIs.PostCreateTest" tests="1" failures="0" timestamp="26 Apr 2021 15:18:54 GMT" time="1.757" errors="0">
  <testcase name="CreatePostAPI" time="1.757" classname="MobiquityAPIs.PostCreateTest"/>
</testsuite> <!-- MobiquityAPIs.PostCreateTest -->
