<?xml version="1.0" encoding="UTF-8"?>
<!-- Generated by org.testng.reporters.JUnitReportReporter -->
<testsuite skipped="0" hostname="Adels-MacBook-Pro.local" name="MobiquityAPIs.GetAPITest" tests="2" failures="0" timestamp="25 Apr 2021 13:38:35 GMT" time="37.986" errors="0">
  <testcase name="getAPITest" time="30.012" classname="MobiquityAPIs.GetAPITest"/>
  <testcase name="getPosts" time="7.974" classname="MobiquityAPIs.GetAPITest"/>
</testsuite> <!-- MobiquityAPIs.GetAPITest -->
