<?xml version="1.0" encoding="UTF-8"?>
<!-- Generated by org.testng.reporters.JUnitReportReporter -->
<testsuite skipped="0" hostname="Adels-MacBook-Pro.local" name="MobiquityAPIs.GetAPITest" tests="2" failures="0" timestamp="27 Apr 2021 08:19:04 GMT" time="8.544" errors="0">
  <testcase name="getAPITest" time="2.142" classname="MobiquityAPIs.GetAPITest"/>
  <testcase name="getPosts" time="6.402" classname="MobiquityAPIs.GetAPITest"/>
</testsuite> <!-- MobiquityAPIs.GetAPITest -->
