<?xml version="1.0" encoding="UTF-8"?>
<!-- Generated by org.testng.reporters.JUnitReportReporter -->
<testsuite skipped="0" hostname="Adels-MacBook-Pro.local" name="MobiquityAPIs.GetAPITest" tests="1" failures="0" timestamp="22 Apr 2021 16:14:33 GMT" time="73.174" errors="0">
  <testcase name="getAPITest" time="73.174" classname="MobiquityAPIs.GetAPITest"/>
</testsuite> <!-- MobiquityAPIs.GetAPITest -->
