<?xml version="1.0" encoding="UTF-8"?>
<!-- Generated by org.testng.reporters.JUnitReportReporter -->
<testsuite skipped="0" hostname="Adels-MacBook-Pro.local" name="MobiquityAPIs.GetAPITest" tests="1" failures="0" timestamp="24 Apr 2021 19:06:41 GMT" time="78.900" errors="0">
  <testcase name="getAPITest" time="78.900" classname="MobiquityAPIs.GetAPITest"/>
</testsuite> <!-- MobiquityAPIs.GetAPITest -->
