<?xml version="1.0" encoding="UTF-8"?>
<!-- Generated by org.testng.reporters.JUnitReportReporter -->
<testsuite skipped="0" hostname="Adels-MacBook-Pro.local" name="MobiquityAPIs.PostCreateTest" tests="1" failures="0" timestamp="27 Apr 2021 08:37:19 GMT" time="0.767" errors="0">
  <testcase name="CreateNewPostAPITest" time="0.767" classname="MobiquityAPIs.PostCreateTest"/>
</testsuite> <!-- MobiquityAPIs.PostCreateTest -->
