<?xml version="1.0" encoding="UTF-8"?>
<!-- Generated by org.testng.reporters.JUnitReportReporter -->
<testsuite skipped="0" hostname="Adels-MacBook-Pro.local" name="MobiquityAPIs.GetAPITest" tests="2" failures="0" timestamp="27 Apr 2021 08:37:19 GMT" time="7.856" errors="0">
  <testcase name="getListUsersAPITest" time="0.656" classname="MobiquityAPIs.GetAPITest"/>
  <testcase name="getPostsAndVerifyCommentsTest" time="7.200" classname="MobiquityAPIs.GetAPITest"/>
</testsuite> <!-- MobiquityAPIs.GetAPITest -->
